Flow report for CPU
Sun Jan 03 09:20:24 2021
Quartus II Version 9.0 Build 184 04/29/2009 Service Pack 1 SJ Web Edition


---------------------
; Table of Contents ;
---------------------
  1. Legal Notice
  2. Flow Summary
  3. Flow Settings
  4. Flow Non-Default Global Settings
  5. Flow Elapsed Time
  6. Flow OS Summary
  7. Flow Log



----------------
; Legal Notice ;
----------------
Copyright (C) 1991-2009 Altera Corporation
Your use of Altera Corporation's design tools, logic functions 
and other software and tools, and its AMPP partner logic 
functions, and any output files from any of the foregoing 
(including device programming or simulation files), and any 
associated documentation or information are expressly subject 
to the terms and conditions of the Altera Program License 
Subscription Agreement, Altera MegaCore Function License 
Agreement, or other applicable license agreement, including, 
without limitation, that your use is for the sole purpose of 
programming logic devices manufactured by Altera and sold by 
Altera or its authorized distributors.  Please refer to the 
applicable agreement for further details.



+------------------------------------------------------------------------+
; Flow Summary                                                           ;
+-------------------------+----------------------------------------------+
; Flow Status             ; Successful - Sun Jan 03 09:20:24 2021        ;
; Quartus II Version      ; 9.0 Build 184 04/29/2009 SP 1 SJ Web Edition ;
; Revision Name           ; CPU                                          ;
; Top-level Entity Name   ; CPU                                          ;
; Family                  ; Cyclone                                      ;
; Device                  ; EP1C3T100C8                                  ;
; Timing Models           ; Final                                        ;
; Met timing requirements ; No                                           ;
; Total logic elements    ; 228 / 2,910 ( 8 % )                          ;
; Total pins              ; 60 / 65 ( 92 % )                             ;
; Total virtual pins      ; 0                                            ;
; Total memory bits       ; 2,048 / 59,904 ( 3 % )                       ;
; Total PLLs              ; 0 / 1 ( 0 % )                                ;
+-------------------------+----------------------------------------------+


+-----------------------------------------+
; Flow Settings                           ;
+-------------------+---------------------+
; Option            ; Setting             ;
+-------------------+---------------------+
; Start date & time ; 01/03/2021 09:20:14 ;
; Main task         ; Compilation         ;
; Revision Name     ; CPU                 ;
+-------------------+---------------------+


+--------------------------------------------------------------------------------------------------------------------+
; Flow Non-Default Global Settings                                                                                   ;
+------------------------------------+--------------------------------+---------------+-------------+----------------+
; Assignment Name                    ; Value                          ; Default Value ; Entity Name ; Section Id     ;
+------------------------------------+--------------------------------+---------------+-------------+----------------+
; COMPILER_SIGNATURE_ID              ; 1098081094877.160963681412744  ; --            ; --          ; --             ;
; IGNORE_CLOCK_SETTINGS              ; On                             ; Off           ; --          ; --             ;
; MISC_FILE                          ; D:/文档/数电实验/CPU/CPU.dpf   ; --            ; --          ; --             ;
; PARTITION_COLOR                    ; 16764057                       ; --            ; --          ; Top            ;
; PARTITION_NETLIST_TYPE             ; SOURCE                         ; --            ; --          ; Top            ;
; SEARCH_PATH                        ; d:\文档\数电实验\指令寄存器ir  ; --            ; --          ; --             ;
; SEARCH_PATH                        ; d:\文档\数电实验\指令计数器pc  ; --            ; --          ; --             ;
; SEARCH_PATH                        ; d:\文档\数电实验\指令译码器    ; --            ; --          ; --             ;
; SEARCH_PATH                        ; d:\文档\数电实验\移位逻辑      ; --            ; --          ; --             ;
; SEARCH_PATH                        ; d:\文档\数电实验\稳定器        ; --            ; --          ; --             ;
; SEARCH_PATH                        ; d:\文档\数电实验\选择器        ; --            ; --          ; --             ;
; SEARCH_PATH                        ; d:\文档\数电实验\通用寄存器组  ; --            ; --          ; --             ;
; SEARCH_PATH                        ; d:\文档\数电实验\时钟发生器sm  ; --            ; --          ; --             ;
; SEARCH_PATH                        ; d:\文档\数电实验\控制器        ; --            ; --          ; --             ;
; SEARCH_PATH                        ; d:\文档\数电实验\zf寄存器      ; --            ; --          ; --             ;
; SEARCH_PATH                        ; d:\文档\数电实验\cf寄存器      ; --            ; --          ; --             ;
; SEARCH_PATH                        ; d:\文档\数电实验\alu函数发生器 ; --            ; --          ; --             ;
; USE_GENERATED_PHYSICAL_CONSTRAINTS ; Off                            ; --            ; --          ; eda_blast_fpga ;
+------------------------------------+--------------------------------+---------------+-------------+----------------+


+-----------------------------------------------------------------------------------------------------------------------------+
; Flow Elapsed Time                                                                                                           ;
+-------------------------+--------------+-------------------------+---------------------+------------------------------------+
; Module Name             ; Elapsed Time ; Average Processors Used ; Peak Virtual Memory ; Total CPU Time (on all processors) ;
+-------------------------+--------------+-------------------------+---------------------+------------------------------------+
; Analysis & Synthesis    ; 00:00:04     ; 1.0                     ; 253 MB              ; 00:00:04                           ;
; Fitter                  ; 00:00:02     ; 1.0                     ; 245 MB              ; 00:00:02                           ;
; Assembler               ; 00:00:01     ; 1.0                     ; 206 MB              ; 00:00:01                           ;
; Classic Timing Analyzer ; 00:00:00     ; 1.0                     ; 174 MB              ; 00:00:00                           ;
; Total                   ; 00:00:07     ; --                      ; --                  ; 00:00:07                           ;
+-------------------------+--------------+-------------------------+---------------------+------------------------------------+


+------------------------------------------------------------------------------------------+
; Flow OS Summary                                                                          ;
+-------------------------+------------------+---------------+------------+----------------+
; Module Name             ; Machine Hostname ; OS Name       ; OS Version ; Processor type ;
+-------------------------+------------------+---------------+------------+----------------+
; Analysis & Synthesis    ; LAPTOP-EUMHUORA  ; Windows Vista ; 6.2        ; x86_64         ;
; Fitter                  ; LAPTOP-EUMHUORA  ; Windows Vista ; 6.2        ; x86_64         ;
; Assembler               ; LAPTOP-EUMHUORA  ; Windows Vista ; 6.2        ; x86_64         ;
; Classic Timing Analyzer ; LAPTOP-EUMHUORA  ; Windows Vista ; 6.2        ; x86_64         ;
+-------------------------+------------------+---------------+------------+----------------+


------------
; Flow Log ;
------------
quartus_map --read_settings_files=on --write_settings_files=off CPU -c CPU
quartus_fit --read_settings_files=off --write_settings_files=off CPU -c CPU
quartus_asm --read_settings_files=off --write_settings_files=off CPU -c CPU
quartus_tan --read_settings_files=off --write_settings_files=off CPU -c CPU --timing_analysis_only



