Classic Timing Analyzer report for Zf_dff
Thu Dec 24 00:33:40 2020
Quartus II Version 9.0 Build 184 04/29/2009 Service Pack 1 SJ Web Edition


---------------------
; Table of Contents ;
---------------------
  1. Legal Notice
  2. Timing Analyzer Summary
  3. Timing Analyzer Settings
  4. Clock Settings Summary
  5. Parallel Compilation
  6. Clock Setup: 'clk'
  7. tsu
  8. tco
  9. th
 10. Timing Analyzer Messages



----------------
; Legal Notice ;
----------------
Copyright (C) 1991-2009 Altera Corporation
Your use of Altera Corporation's design tools, logic functions 
and other software and tools, and its AMPP partner logic 
functions, and any output files from any of the foregoing 
(including device programming or simulation files), and any 
associated documentation or information are expressly subject 
to the terms and conditions of the Altera Program License 
Subscription Agreement, Altera MegaCore Function License 
Agreement, or other applicable license agreement, including, 
without limitation, that your use is for the sole purpose of 
programming logic devices manufactured by Altera and sold by 
Altera or its authorized distributors.  Please refer to the 
applicable agreement for further details.



+------------------------------------------------------------------------------------------------------------------------------------------------------------------+
; Timing Analyzer Summary                                                                                                                                          ;
+------------------------------+-------+---------------+------------------------------------------------+---------+---------+------------+----------+--------------+
; Type                         ; Slack ; Required Time ; Actual Time                                    ; From    ; To      ; From Clock ; To Clock ; Failed Paths ;
+------------------------------+-------+---------------+------------------------------------------------+---------+---------+------------+----------+--------------+
; Worst-case tsu               ; N/A   ; None          ; 3.876 ns                                       ; EN      ; Zf~reg0 ; --         ; clk      ; 0            ;
; Worst-case tco               ; N/A   ; None          ; 7.869 ns                                       ; Zf~reg0 ; Zf      ; clk        ; --       ; 0            ;
; Worst-case th                ; N/A   ; None          ; -3.770 ns                                      ; X       ; Zf~reg0 ; --         ; clk      ; 0            ;
; Clock Setup: 'clk'           ; N/A   ; None          ; Restricted to 275.03 MHz ( period = 3.636 ns ) ; Zf~reg0 ; Zf~reg0 ; clk        ; clk      ; 0            ;
; Total number of failed paths ;       ;               ;                                                ;         ;         ;            ;          ; 0            ;
+------------------------------+-------+---------------+------------------------------------------------+---------+---------+------------+----------+--------------+


+--------------------------------------------------------------------------------------------------------------------+
; Timing Analyzer Settings                                                                                           ;
+---------------------------------------------------------------------+--------------------+------+----+-------------+
; Option                                                              ; Setting            ; From ; To ; Entity Name ;
+---------------------------------------------------------------------+--------------------+------+----+-------------+
; Device Name                                                         ; EP1C3T100C8        ;      ;    ;             ;
; Timing Models                                                       ; Final              ;      ;    ;             ;
; Default hold multicycle                                             ; Same as Multicycle ;      ;    ;             ;
; Cut paths between unrelated clock domains                           ; On                 ;      ;    ;             ;
; Cut off read during write signal paths                              ; On                 ;      ;    ;             ;
; Cut off feedback from I/O pins                                      ; On                 ;      ;    ;             ;
; Report Combined Fast/Slow Timing                                    ; Off                ;      ;    ;             ;
; Ignore Clock Settings                                               ; Off                ;      ;    ;             ;
; Analyze latches as synchronous elements                             ; On                 ;      ;    ;             ;
; Enable Recovery/Removal analysis                                    ; Off                ;      ;    ;             ;
; Enable Clock Latency                                                ; Off                ;      ;    ;             ;
; Use TimeQuest Timing Analyzer                                       ; Off                ;      ;    ;             ;
; Minimum Core Junction Temperature                                   ; 0                  ;      ;    ;             ;
; Maximum Core Junction Temperature                                   ; 85                 ;      ;    ;             ;
; Number of source nodes to report per destination node               ; 10                 ;      ;    ;             ;
; Number of destination nodes to report                               ; 10                 ;      ;    ;             ;
; Number of paths to report                                           ; 200                ;      ;    ;             ;
; Report Minimum Timing Checks                                        ; Off                ;      ;    ;             ;
; Use Fast Timing Models                                              ; Off                ;      ;    ;             ;
; Report IO Paths Separately                                          ; Off                ;      ;    ;             ;
; Perform Multicorner Analysis                                        ; Off                ;      ;    ;             ;
; Reports the worst-case path for each clock domain and analysis      ; Off                ;      ;    ;             ;
; Removes common clock path pessimism (CCPP) during slack computation ; Off                ;      ;    ;             ;
; Output I/O Timing Endpoint                                          ; Near End           ;      ;    ;             ;
+---------------------------------------------------------------------+--------------------+------+----+-------------+


+------------------------------------------------------------------------------------------------------------------------------------------------------------------------------------+
; Clock Settings Summary                                                                                                                                                             ;
+-----------------+--------------------+----------+------------------+---------------+--------------+----------+-----------------------+---------------------+--------+--------------+
; Clock Node Name ; Clock Setting Name ; Type     ; Fmax Requirement ; Early Latency ; Late Latency ; Based on ; Multiply Base Fmax by ; Divide Base Fmax by ; Offset ; Phase offset ;
+-----------------+--------------------+----------+------------------+---------------+--------------+----------+-----------------------+---------------------+--------+--------------+
; clk             ;                    ; User Pin ; None             ; 0.000 ns      ; 0.000 ns     ; --       ; N/A                   ; N/A                 ; N/A    ;              ;
+-----------------+--------------------+----------+------------------+---------------+--------------+----------+-----------------------+---------------------+--------+--------------+


Parallel compilation was disabled, but you have multiple processors available. Enable parallel compilation to reduce compilation time.
+-------------------------------------+
; Parallel Compilation                ;
+----------------------------+--------+
; Processors                 ; Number ;
+----------------------------+--------+
; Number detected on machine ; 8      ;
; Maximum allowed            ; 1      ;
+----------------------------+--------+


+----------------------------------------------------------------------------------------------------------------------------------------------------------------------------------------+
; Clock Setup: 'clk'                                                                                                                                                                     ;
+-------+------------------------------------------------+---------+---------+------------+----------+-----------------------------+---------------------------+-------------------------+
; Slack ; Actual fmax (period)                           ; From    ; To      ; From Clock ; To Clock ; Required Setup Relationship ; Required Longest P2P Time ; Actual Longest P2P Time ;
+-------+------------------------------------------------+---------+---------+------------+----------+-----------------------------+---------------------------+-------------------------+
; N/A   ; Restricted to 275.03 MHz ( period = 3.636 ns ) ; Zf~reg0 ; Zf~reg0 ; clk        ; clk      ; None                        ; None                      ; 0.823 ns                ;
+-------+------------------------------------------------+---------+---------+------------+----------+-----------------------------+---------------------------+-------------------------+


+---------------------------------------------------------------+
; tsu                                                           ;
+-------+--------------+------------+------+---------+----------+
; Slack ; Required tsu ; Actual tsu ; From ; To      ; To Clock ;
+-------+--------------+------------+------+---------+----------+
; N/A   ; None         ; 3.876 ns   ; EN   ; Zf~reg0 ; clk      ;
; N/A   ; None         ; 3.822 ns   ; X    ; Zf~reg0 ; clk      ;
+-------+--------------+------------+------+---------+----------+


+---------------------------------------------------------------+
; tco                                                           ;
+-------+--------------+------------+---------+----+------------+
; Slack ; Required tco ; Actual tco ; From    ; To ; From Clock ;
+-------+--------------+------------+---------+----+------------+
; N/A   ; None         ; 7.869 ns   ; Zf~reg0 ; Zf ; clk        ;
+-------+--------------+------------+---------+----+------------+


+---------------------------------------------------------------------+
; th                                                                  ;
+---------------+-------------+-----------+------+---------+----------+
; Minimum Slack ; Required th ; Actual th ; From ; To      ; To Clock ;
+---------------+-------------+-----------+------+---------+----------+
; N/A           ; None        ; -3.770 ns ; X    ; Zf~reg0 ; clk      ;
; N/A           ; None        ; -3.824 ns ; EN   ; Zf~reg0 ; clk      ;
+---------------+-------------+-----------+------+---------+----------+


+--------------------------+
; Timing Analyzer Messages ;
+--------------------------+
Info: *******************************************************************
Info: Running Quartus II Classic Timing Analyzer
    Info: Version 9.0 Build 184 04/29/2009 Service Pack 1 SJ Web Edition
    Info: Processing started: Thu Dec 24 00:33:40 2020
Info: Command: quartus_tan --read_settings_files=off --write_settings_files=off Zf_dff -c Zf_dff --timing_analysis_only
Warning: Found pins functioning as undefined clocks and/or memory enables
    Info: Assuming node "clk" is an undefined clock
Info: Clock "clk" Internal fmax is restricted to 275.03 MHz between source register "Zf~reg0" and destination register "Zf~reg0"
    Info: fmax restricted to Clock High delay (1.818 ns) plus Clock Low delay (1.818 ns) : restricted to 3.636 ns. Expand message to see actual delay path.
        Info: + Longest register to register delay is 0.823 ns
            Info: 1: + IC(0.000 ns) + CELL(0.000 ns) = 0.000 ns; Loc. = LC_X1_Y9_N3; Fanout = 2; REG Node = 'Zf~reg0'
            Info: 2: + IC(0.514 ns) + CELL(0.309 ns) = 0.823 ns; Loc. = LC_X1_Y9_N3; Fanout = 2; REG Node = 'Zf~reg0'
            Info: Total cell delay = 0.309 ns ( 37.55 % )
            Info: Total interconnect delay = 0.514 ns ( 62.45 % )
        Info: - Smallest clock skew is 0.000 ns
            Info: + Shortest clock path from clock "clk" to destination register is 3.810 ns
                Info: 1: + IC(0.000 ns) + CELL(1.469 ns) = 1.469 ns; Loc. = PIN_10; Fanout = 1; CLK Node = 'clk'
                Info: 2: + IC(1.630 ns) + CELL(0.711 ns) = 3.810 ns; Loc. = LC_X1_Y9_N3; Fanout = 2; REG Node = 'Zf~reg0'
                Info: Total cell delay = 2.180 ns ( 57.22 % )
                Info: Total interconnect delay = 1.630 ns ( 42.78 % )
            Info: - Longest clock path from clock "clk" to source register is 3.810 ns
                Info: 1: + IC(0.000 ns) + CELL(1.469 ns) = 1.469 ns; Loc. = PIN_10; Fanout = 1; CLK Node = 'clk'
                Info: 2: + IC(1.630 ns) + CELL(0.711 ns) = 3.810 ns; Loc. = LC_X1_Y9_N3; Fanout = 2; REG Node = 'Zf~reg0'
                Info: Total cell delay = 2.180 ns ( 57.22 % )
                Info: Total interconnect delay = 1.630 ns ( 42.78 % )
        Info: + Micro clock to output delay of source is 0.224 ns
        Info: + Micro setup delay of destination is 0.037 ns
Info: tsu for register "Zf~reg0" (data pin = "EN", clock pin = "clk") is 3.876 ns
    Info: + Longest pin to register delay is 7.649 ns
        Info: 1: + IC(0.000 ns) + CELL(1.475 ns) = 1.475 ns; Loc. = PIN_26; Fanout = 1; PIN Node = 'EN'
        Info: 2: + IC(5.696 ns) + CELL(0.478 ns) = 7.649 ns; Loc. = LC_X1_Y9_N3; Fanout = 2; REG Node = 'Zf~reg0'
        Info: Total cell delay = 1.953 ns ( 25.53 % )
        Info: Total interconnect delay = 5.696 ns ( 74.47 % )
    Info: + Micro setup delay of destination is 0.037 ns
    Info: - Shortest clock path from clock "clk" to destination register is 3.810 ns
        Info: 1: + IC(0.000 ns) + CELL(1.469 ns) = 1.469 ns; Loc. = PIN_10; Fanout = 1; CLK Node = 'clk'
        Info: 2: + IC(1.630 ns) + CELL(0.711 ns) = 3.810 ns; Loc. = LC_X1_Y9_N3; Fanout = 2; REG Node = 'Zf~reg0'
        Info: Total cell delay = 2.180 ns ( 57.22 % )
        Info: Total interconnect delay = 1.630 ns ( 42.78 % )
Info: tco from clock "clk" to destination pin "Zf" through register "Zf~reg0" is 7.869 ns
    Info: + Longest clock path from clock "clk" to source register is 3.810 ns
        Info: 1: + IC(0.000 ns) + CELL(1.469 ns) = 1.469 ns; Loc. = PIN_10; Fanout = 1; CLK Node = 'clk'
        Info: 2: + IC(1.630 ns) + CELL(0.711 ns) = 3.810 ns; Loc. = LC_X1_Y9_N3; Fanout = 2; REG Node = 'Zf~reg0'
        Info: Total cell delay = 2.180 ns ( 57.22 % )
        Info: Total interconnect delay = 1.630 ns ( 42.78 % )
    Info: + Micro clock to output delay of source is 0.224 ns
    Info: + Longest register to pin delay is 3.835 ns
        Info: 1: + IC(0.000 ns) + CELL(0.000 ns) = 0.000 ns; Loc. = LC_X1_Y9_N3; Fanout = 2; REG Node = 'Zf~reg0'
        Info: 2: + IC(1.727 ns) + CELL(2.108 ns) = 3.835 ns; Loc. = PIN_99; Fanout = 0; PIN Node = 'Zf'
        Info: Total cell delay = 2.108 ns ( 54.97 % )
        Info: Total interconnect delay = 1.727 ns ( 45.03 % )
Info: th for register "Zf~reg0" (data pin = "X", clock pin = "clk") is -3.770 ns
    Info: + Longest clock path from clock "clk" to destination register is 3.810 ns
        Info: 1: + IC(0.000 ns) + CELL(1.469 ns) = 1.469 ns; Loc. = PIN_10; Fanout = 1; CLK Node = 'clk'
        Info: 2: + IC(1.630 ns) + CELL(0.711 ns) = 3.810 ns; Loc. = LC_X1_Y9_N3; Fanout = 2; REG Node = 'Zf~reg0'
        Info: Total cell delay = 2.180 ns ( 57.22 % )
        Info: Total interconnect delay = 1.630 ns ( 42.78 % )
    Info: + Micro hold delay of destination is 0.015 ns
    Info: - Shortest pin to register delay is 7.595 ns
        Info: 1: + IC(0.000 ns) + CELL(1.475 ns) = 1.475 ns; Loc. = PIN_100; Fanout = 1; PIN Node = 'X'
        Info: 2: + IC(5.382 ns) + CELL(0.738 ns) = 7.595 ns; Loc. = LC_X1_Y9_N3; Fanout = 2; REG Node = 'Zf~reg0'
        Info: Total cell delay = 2.213 ns ( 29.14 % )
        Info: Total interconnect delay = 5.382 ns ( 70.86 % )
Info: Quartus II Classic Timing Analyzer was successful. 0 errors, 1 warning
    Info: Peak virtual memory: 186 megabytes
    Info: Processing ended: Thu Dec 24 00:33:40 2020
    Info: Elapsed time: 00:00:00
    Info: Total CPU time (on all processors): 00:00:00


